<?xml version="1.0" encoding="UTF-8"?>
<!-- Generated by org.testng.reporters.JUnitReportReporter -->
<testsuite hostname="GK" failures="0" tests="4" name="tests.ContactTest" time="18.860" errors="0" timestamp="2021-04-09T12:52:32 BST" skipped="0">
  <testcase classname="tests.ContactTest" name="verifyContact" time="1.697"/>
  <system-out/>
  <testcase classname="tests.ContactTest" name="verifyContactInvalidData" time="4.497"/>
  <system-out/>
  <testcase classname="tests.ContactTest" name="verifyCart" time="5.629"/>
  <system-out/>
  <testcase classname="tests.ContactTest" name="verifyContactSubmit" time="7.037"/>
  <system-out/>
</testsuite> <!-- tests.ContactTest -->
