<?xml version="1.0" encoding="UTF-8"?>
<!-- Generated by org.testng.reporters.JUnitReportReporter -->
<testsuite hostname="GK" failures="0" tests="4" name="tests.ContactTest" time="5.516" errors="0" timestamp="2021-04-10T13:00:01 BST" skipped="0">
  <testcase classname="tests.ContactTest" name="verifyContact" time="2.828"/>
  <system-out/>
  <testcase classname="tests.ContactTest" name="verifyContactInvalidData" time="0.402"/>
  <system-out/>
  <testcase classname="tests.ContactTest" name="verifyCart" time="0.652"/>
  <system-out/>
  <testcase classname="tests.ContactTest" name="verifyContactSubmit" time="1.634"/>
  <system-out/>
</testsuite> <!-- tests.ContactTest -->
